<?xml version="1.0" encoding="UTF-8"?>
<!-- Generated by org.testng.reporters.JUnitReportReporter -->
<testsuite hostname="chandana" failures="0" tests="1" name="com.tests.excel.TC01_excelTest" time="0.012" errors="0" timestamp="2024-06-17T12:04:47 IST" skipped="0">
  <testcase classname="com.tests.excel.TC01_excelTest" name="excelDemoTest" time="0.012"/>
</testsuite> <!-- com.tests.excel.TC01_excelTest -->
